<?xml version="1.0" encoding="UTF-8"?>
<!-- Generated by org.testng.reporters.JUnitReportReporter -->
<testsuite skipped="0" hostname="MAVBCP3488" name="com.jenkins.test.TestngClass_Chrome" tests="5" failures="0" timestamp="2021-10-17T16:05:42 IST" time="28.744" errors="0">
  <testcase name="Job_title" time="6.724" classname="com.jenkins.test.TestngClass_Chrome"/>
  <system-out/>
  <testcase name="paygrade" time="6.810" classname="com.jenkins.test.TestngClass_Chrome"/>
  <system-out/>
  <testcase name="EmployeeStatus" time="3.349" classname="com.jenkins.test.TestngClass_Chrome"/>
  <system-out/>
  <testcase name="category" time="5.244" classname="com.jenkins.test.TestngClass_Chrome"/>
  <system-out/>
  <testcase name="workshift" time="6.617" classname="com.jenkins.test.TestngClass_Chrome"/>
  <system-out/>
</testsuite> <!-- com.jenkins.test.TestngClass_Chrome -->
