<?xml version="1.0" encoding="UTF-8"?>
<!-- Generated by org.testng.reporters.JUnitReportReporter -->
<testsuite skipped="0" hostname="MAVBCP3488" name="com.jenkins.test.TestngClass_FireFox" tests="5" failures="0" timestamp="2021-10-17T16:05:42 IST" time="36.032" errors="0">
  <testcase name="Job_title" time="8.761" classname="com.jenkins.test.TestngClass_FireFox"/>
  <system-out/>
  <testcase name="paygrade" time="7.628" classname="com.jenkins.test.TestngClass_FireFox"/>
  <system-out/>
  <testcase name="EmployeeStatus" time="4.610" classname="com.jenkins.test.TestngClass_FireFox"/>
  <system-out/>
  <testcase name="category" time="6.895" classname="com.jenkins.test.TestngClass_FireFox"/>
  <system-out/>
  <testcase name="workshift" time="8.138" classname="com.jenkins.test.TestngClass_FireFox"/>
  <system-out/>
</testsuite> <!-- com.jenkins.test.TestngClass_FireFox -->
