<?xml version="1.0" encoding="UTF-8"?>
<!-- Generated by org.testng.reporters.JUnitReportReporter -->
<testsuite skipped="0" hostname="MAVBCP3488" name="com.jenkins.test.TestngClass" tests="5" failures="0" timestamp="2021-10-17T12:51:39 IST" time="23.423" errors="0">
  <testcase name="Job_title" time="4.984" classname="com.jenkins.test.TestngClass"/>
  <system-out/>
  <testcase name="paygrade" time="4.977" classname="com.jenkins.test.TestngClass"/>
  <system-out/>
  <testcase name="EmployeeStatus" time="3.617" classname="com.jenkins.test.TestngClass"/>
  <system-out/>
  <testcase name="category" time="3.635" classname="com.jenkins.test.TestngClass"/>
  <system-out/>
  <testcase name="workshift" time="6.210" classname="com.jenkins.test.TestngClass"/>
  <system-out/>
</testsuite> <!-- com.jenkins.test.TestngClass -->
