<?xml version="1.0" encoding="UTF-8"?>
<!-- Generated by org.testng.reporters.JUnitReportReporter -->
<testsuite skipped="0" hostname="MAVBCP3488" name="com.jenkins.test.TestngClass" tests="5" failures="0" timestamp="2021-10-17T12:59:41 IST" time="18.716" errors="0">
  <testcase name="Job_title" time="4.118" classname="com.jenkins.test.TestngClass"/>
  <system-out/>
  <testcase name="paygrade" time="4.350" classname="com.jenkins.test.TestngClass"/>
  <system-out/>
  <testcase name="EmployeeStatus" time="2.577" classname="com.jenkins.test.TestngClass"/>
  <system-out/>
  <testcase name="category" time="2.801" classname="com.jenkins.test.TestngClass"/>
  <system-out/>
  <testcase name="workshift" time="4.870" classname="com.jenkins.test.TestngClass"/>
  <system-out/>
</testsuite> <!-- com.jenkins.test.TestngClass -->
