<?xml version="1.0" encoding="UTF-8"?>
<!-- Generated by org.testng.reporters.JUnitReportReporter -->
<testsuite skipped="0" hostname="MAVBCP3488" name="com.jenkins.test.TestngClass" tests="5" failures="0" timestamp="2021-10-17T13:49:37 IST" time="37.663" errors="0">
  <testcase name="Job_title" time="8.562" classname="com.jenkins.test.TestngClass"/>
  <system-out/>
  <testcase name="paygrade" time="8.196" classname="com.jenkins.test.TestngClass"/>
  <system-out/>
  <testcase name="EmployeeStatus" time="4.649" classname="com.jenkins.test.TestngClass"/>
  <system-out/>
  <testcase name="category" time="7.065" classname="com.jenkins.test.TestngClass"/>
  <system-out/>
  <testcase name="workshift" time="9.191" classname="com.jenkins.test.TestngClass"/>
  <system-out/>
</testsuite> <!-- com.jenkins.test.TestngClass -->
